2017-03-04T15:41:25.599Z - normal: Load ~/.CocosCreator/settings.json
2017-03-04T15:41:25.604Z - normal: checking language setting...
2017-03-04T15:41:25.604Z - normal: Language: en
2017-03-04T15:41:25.655Z - success: protocol editor-framework registered
2017-03-04T15:41:25.655Z - success: protocol app registered
2017-03-04T15:41:25.656Z - success: protocol packages registered
2017-03-04T15:41:25.656Z - success: protocol theme registered
2017-03-04T15:41:25.656Z - success: protocol unpack registerred
2017-03-04T15:41:26.052Z - normal: connected!
2017-03-04T15:41:26.056Z - normal: Check project /Volumes/Work/EduStartup/ABCSong
2017-03-04T15:41:26.059Z - normal: Initializing Cocos Creator Editor
2017-03-04T15:41:26.378Z - normal: Initializing Cocos2d
2017-03-04T15:41:26.517Z - normal: Initializing Asset Database
2017-03-04T15:41:26.536Z - success: protocol uuid registerred
2017-03-04T15:41:26.536Z - success: protocol db registerred
2017-03-04T15:41:26.537Z - success: protocol thumbnail registerred
2017-03-04T15:41:26.537Z - normal: Loading editor/builtin packages
2017-03-04T15:41:26.649Z - success: assets loaded
2017-03-04T15:41:26.655Z - success: builder loaded
2017-03-04T15:41:26.660Z - success: hierarchy loaded
2017-03-04T15:41:26.664Z - success: inspector loaded
2017-03-04T15:41:26.665Z - success: keystore loaded
2017-03-04T15:41:26.669Z - success: node-library loaded
2017-03-04T15:41:26.673Z - success: preferences loaded
2017-03-04T15:41:26.690Z - success: project-importer loaded
2017-03-04T15:41:26.694Z - success: project-settings loaded
2017-03-04T15:41:26.698Z - success: ui-kit loaded
2017-03-04T15:41:26.705Z - success: ui-grid loaded
2017-03-04T15:41:26.709Z - success: scene loaded
2017-03-04T15:41:26.710Z - success: sprite-editor loaded
2017-03-04T15:41:26.715Z - success: timeline loaded
2017-03-04T15:41:26.716Z - normal: Loading builtin packages
2017-03-04T15:41:26.720Z - success: asset-db-debugger loaded
2017-03-04T15:41:26.721Z - success: code-editor loaded
2017-03-04T15:41:26.722Z - success: color-picker loaded
2017-03-04T15:41:26.726Z - success: console loaded
2017-03-04T15:41:26.730Z - success: package-manager loaded
2017-03-04T15:41:26.733Z - success: tester loaded
2017-03-04T15:41:26.736Z - success: ui-kit-preview-extra loaded
2017-03-04T15:41:26.739Z - success: ui-kit-preview loaded
2017-03-04T15:41:26.742Z - success: ui-tree loaded
2017-03-04T15:41:26.775Z - normal: Initializing project /Volumes/Work/EduStartup/ABCSong
2017-03-04T15:41:26.777Z - normal: Loading packages
2017-03-04T15:41:26.781Z - normal: Watching packages
2017-03-04T15:41:26.793Z - normal: Run Application
2017-03-04T15:41:27.219Z - success: preview server running at http://localhost:7456
2017-03-04T15:41:30.264Z - normal: 1.3.2
2017-03-04T15:41:43.738Z - info: shutdown preview server
